2022-02-13 16:42:34 [main] INFO  t.e.s.ControllerEntrepriseImplTest - Starting ControllerEntrepriseImplTest on DESKTOP-2SMFPG1 with PID 8020 (started by hp in C:\Users\hp\DevOps\TimeSheet\timesheet)
2022-02-13 16:42:34 [main] INFO  t.e.s.ControllerEntrepriseImplTest - No active profile set, falling back to default profiles: default
2022-02-13 16:42:36 [main] INFO  o.s.d.r.c.RepositoryConfigurationDelegate - Bootstrapping Spring Data repositories in DEFAULT mode.
2022-02-13 16:42:36 [main] INFO  o.s.d.r.c.RepositoryConfigurationDelegate - Finished Spring Data repository scanning in 224ms. Found 6 repository interfaces.
2022-02-13 16:42:37 [main] INFO  o.s.c.s.PostProcessorRegistrationDelegate$BeanPostProcessorChecker - Bean 'org.springframework.transaction.annotation.ProxyTransactionManagementConfiguration' of type [org.springframework.transaction.annotation.ProxyTransactionManagementConfiguration] is not eligible for getting processed by all BeanPostProcessors (for example: not eligible for auto-proxying)
2022-02-13 16:42:40 [main] INFO  o.h.jpa.internal.util.LogHelper - HHH000204: Processing PersistenceUnitInfo [name: default]
2022-02-13 16:42:43 [main] INFO  org.hibernate.Version - HHH000412: Hibernate Core {5.4.8.Final}
2022-02-13 16:42:47 [main] INFO  o.h.annotations.common.Version - HCANN000001: Hibernate Commons Annotations {5.1.0.Final}
2022-02-13 16:42:48 [main] INFO  com.zaxxer.hikari.HikariDataSource - HikariPool-1 - Starting...
2022-02-13 16:42:49 [main] INFO  com.zaxxer.hikari.HikariDataSource - HikariPool-1 - Start completed.
2022-02-13 16:42:49 [main] INFO  org.hibernate.dialect.Dialect - HHH000400: Using dialect: org.hibernate.dialect.MySQL5InnoDBDialect
2022-02-13 16:43:17 [main] INFO  o.h.e.t.j.p.i.JtaPlatformInitiator - HHH000490: Using JtaPlatform implementation: [org.hibernate.engine.transaction.jta.platform.internal.NoJtaPlatform]
2022-02-13 16:43:17 [main] INFO  o.s.o.j.LocalContainerEntityManagerFactoryBean - Initialized JPA EntityManagerFactory for persistence unit 'default'
2022-02-13 16:43:21 [main] WARN  o.s.b.a.o.j.JpaBaseConfiguration$JpaWebConfiguration - spring.jpa.open-in-view is enabled by default. Therefore, database queries may be performed during view rendering. Explicitly configure spring.jpa.open-in-view to disable this warning
2022-02-13 16:43:22 [main] INFO  o.s.s.c.ThreadPoolTaskExecutor - Initializing ExecutorService 'applicationTaskExecutor'
2022-02-13 16:43:23 [main] INFO  t.e.s.ControllerEntrepriseImplTest - Started ControllerEntrepriseImplTest in 50.249 seconds (JVM running for 53.182)
2022-02-13 16:43:23 [main] INFO  t.e.s.ControllerEntrepriseImplTest - ********************************Start Method Test ******************************************************
2022-02-13 16:43:24 [main] INFO  t.e.s.ControllerEntrepriseImplTest - this entreprise have [] departement in the database
2022-02-13 16:43:24 [SpringContextShutdownHook] INFO  o.s.s.c.ThreadPoolTaskExecutor - Shutting down ExecutorService 'applicationTaskExecutor'
2022-02-13 16:43:24 [SpringContextShutdownHook] INFO  o.s.o.j.LocalContainerEntityManagerFactoryBean - Closing JPA EntityManagerFactory for persistence unit 'default'
2022-02-13 16:43:24 [SpringContextShutdownHook] INFO  com.zaxxer.hikari.HikariDataSource - HikariPool-1 - Shutdown initiated...
2022-02-13 16:43:24 [SpringContextShutdownHook] INFO  com.zaxxer.hikari.HikariDataSource - HikariPool-1 - Shutdown completed.
2022-02-13 17:00:00 [main] INFO  t.e.spring.EmployeServiceImplTest - Starting EmployeServiceImplTest on DESKTOP-2SMFPG1 with PID 6596 (started by hp in C:\Users\hp\DevOps\TimeSheet\timesheet)
2022-02-13 17:00:00 [main] INFO  t.e.spring.EmployeServiceImplTest - No active profile set, falling back to default profiles: default
2022-02-13 17:00:02 [main] INFO  o.s.d.r.c.RepositoryConfigurationDelegate - Bootstrapping Spring Data repositories in DEFAULT mode.
2022-02-13 17:00:03 [main] INFO  o.s.d.r.c.RepositoryConfigurationDelegate - Finished Spring Data repository scanning in 223ms. Found 6 repository interfaces.
2022-02-13 17:00:04 [main] INFO  o.s.c.s.PostProcessorRegistrationDelegate$BeanPostProcessorChecker - Bean 'org.springframework.transaction.annotation.ProxyTransactionManagementConfiguration' of type [org.springframework.transaction.annotation.ProxyTransactionManagementConfiguration] is not eligible for getting processed by all BeanPostProcessors (for example: not eligible for auto-proxying)
2022-02-13 17:00:04 [main] INFO  o.h.jpa.internal.util.LogHelper - HHH000204: Processing PersistenceUnitInfo [name: default]
2022-02-13 17:00:05 [main] INFO  org.hibernate.Version - HHH000412: Hibernate Core {5.4.8.Final}
2022-02-13 17:00:05 [main] INFO  o.h.annotations.common.Version - HCANN000001: Hibernate Commons Annotations {5.1.0.Final}
2022-02-13 17:00:05 [main] INFO  com.zaxxer.hikari.HikariDataSource - HikariPool-1 - Starting...
2022-02-13 17:00:06 [main] INFO  com.zaxxer.hikari.HikariDataSource - HikariPool-1 - Start completed.
2022-02-13 17:00:07 [main] INFO  org.hibernate.dialect.Dialect - HHH000400: Using dialect: org.hibernate.dialect.MySQL5InnoDBDialect
2022-02-13 17:00:10 [main] INFO  o.h.e.t.j.p.i.JtaPlatformInitiator - HHH000490: Using JtaPlatform implementation: [org.hibernate.engine.transaction.jta.platform.internal.NoJtaPlatform]
2022-02-13 17:00:10 [main] INFO  o.s.o.j.LocalContainerEntityManagerFactoryBean - Initialized JPA EntityManagerFactory for persistence unit 'default'
2022-02-13 17:00:13 [main] WARN  o.s.b.a.o.j.JpaBaseConfiguration$JpaWebConfiguration - spring.jpa.open-in-view is enabled by default. Therefore, database queries may be performed during view rendering. Explicitly configure spring.jpa.open-in-view to disable this warning
2022-02-13 17:00:14 [main] INFO  o.s.s.c.ThreadPoolTaskExecutor - Initializing ExecutorService 'applicationTaskExecutor'
2022-02-13 17:00:15 [main] INFO  t.e.spring.EmployeServiceImplTest - Started EmployeServiceImplTest in 15.947 seconds (JVM running for 18.485)
2022-02-13 17:00:15 [main] INFO  t.e.spring.EmployeServiceImplTest - ********************************Start Method Test ******************************************************
2022-02-13 17:00:16 [SpringContextShutdownHook] INFO  o.s.s.c.ThreadPoolTaskExecutor - Shutting down ExecutorService 'applicationTaskExecutor'
2022-02-13 17:00:16 [SpringContextShutdownHook] INFO  o.s.o.j.LocalContainerEntityManagerFactoryBean - Closing JPA EntityManagerFactory for persistence unit 'default'
2022-02-13 17:00:16 [SpringContextShutdownHook] INFO  com.zaxxer.hikari.HikariDataSource - HikariPool-1 - Shutdown initiated...
2022-02-13 17:00:16 [SpringContextShutdownHook] INFO  com.zaxxer.hikari.HikariDataSource - HikariPool-1 - Shutdown completed.
2022-02-13 17:02:37 [main] INFO  t.e.spring.EmployeServiceImplTest - Starting EmployeServiceImplTest on DESKTOP-2SMFPG1 with PID 15520 (started by hp in C:\Users\hp\DevOps\TimeSheet\timesheet)
2022-02-13 17:02:37 [main] INFO  t.e.spring.EmployeServiceImplTest - No active profile set, falling back to default profiles: default
2022-02-13 17:02:39 [main] INFO  o.s.d.r.c.RepositoryConfigurationDelegate - Bootstrapping Spring Data repositories in DEFAULT mode.
2022-02-13 17:02:39 [main] INFO  o.s.d.r.c.RepositoryConfigurationDelegate - Finished Spring Data repository scanning in 178ms. Found 6 repository interfaces.
2022-02-13 17:02:40 [main] INFO  o.s.c.s.PostProcessorRegistrationDelegate$BeanPostProcessorChecker - Bean 'org.springframework.transaction.annotation.ProxyTransactionManagementConfiguration' of type [org.springframework.transaction.annotation.ProxyTransactionManagementConfiguration] is not eligible for getting processed by all BeanPostProcessors (for example: not eligible for auto-proxying)
2022-02-13 17:02:41 [main] INFO  o.h.jpa.internal.util.LogHelper - HHH000204: Processing PersistenceUnitInfo [name: default]
2022-02-13 17:02:41 [main] INFO  org.hibernate.Version - HHH000412: Hibernate Core {5.4.8.Final}
2022-02-13 17:02:41 [main] INFO  o.h.annotations.common.Version - HCANN000001: Hibernate Commons Annotations {5.1.0.Final}
2022-02-13 17:02:42 [main] INFO  com.zaxxer.hikari.HikariDataSource - HikariPool-1 - Starting...
2022-02-13 17:02:43 [main] INFO  com.zaxxer.hikari.HikariDataSource - HikariPool-1 - Start completed.
2022-02-13 17:02:43 [main] INFO  org.hibernate.dialect.Dialect - HHH000400: Using dialect: org.hibernate.dialect.MySQL5InnoDBDialect
2022-02-13 17:02:45 [main] INFO  o.h.e.t.j.p.i.JtaPlatformInitiator - HHH000490: Using JtaPlatform implementation: [org.hibernate.engine.transaction.jta.platform.internal.NoJtaPlatform]
2022-02-13 17:02:45 [main] INFO  o.s.o.j.LocalContainerEntityManagerFactoryBean - Initialized JPA EntityManagerFactory for persistence unit 'default'
2022-02-13 17:02:48 [main] WARN  o.s.b.a.o.j.JpaBaseConfiguration$JpaWebConfiguration - spring.jpa.open-in-view is enabled by default. Therefore, database queries may be performed during view rendering. Explicitly configure spring.jpa.open-in-view to disable this warning
2022-02-13 17:02:49 [main] INFO  o.s.s.c.ThreadPoolTaskExecutor - Initializing ExecutorService 'applicationTaskExecutor'
2022-02-13 17:02:50 [main] INFO  t.e.spring.EmployeServiceImplTest - Started EmployeServiceImplTest in 14.106 seconds (JVM running for 16.466)
2022-02-13 17:02:50 [main] INFO  t.e.spring.EmployeServiceImplTest - ********************************Start Method Test ******************************************************
2022-02-13 17:02:51 [main] INFO  t.e.spring.EmployeServiceImplTest - this is one employee of  2 employees
2022-02-13 17:02:51 [SpringContextShutdownHook] INFO  o.s.s.c.ThreadPoolTaskExecutor - Shutting down ExecutorService 'applicationTaskExecutor'
2022-02-13 17:02:51 [SpringContextShutdownHook] INFO  o.s.o.j.LocalContainerEntityManagerFactoryBean - Closing JPA EntityManagerFactory for persistence unit 'default'
2022-02-13 17:02:51 [SpringContextShutdownHook] INFO  com.zaxxer.hikari.HikariDataSource - HikariPool-1 - Shutdown initiated...
2022-02-13 17:02:51 [SpringContextShutdownHook] INFO  com.zaxxer.hikari.HikariDataSource - HikariPool-1 - Shutdown completed.
2022-02-13 17:03:45 [main] INFO  t.e.spring.EmployeServiceImplTest - Starting EmployeServiceImplTest on DESKTOP-2SMFPG1 with PID 21268 (started by hp in C:\Users\hp\DevOps\TimeSheet\timesheet)
2022-02-13 17:03:45 [main] INFO  t.e.spring.EmployeServiceImplTest - No active profile set, falling back to default profiles: default
2022-02-13 17:03:47 [main] INFO  o.s.d.r.c.RepositoryConfigurationDelegate - Bootstrapping Spring Data repositories in DEFAULT mode.
2022-02-13 17:03:47 [main] INFO  o.s.d.r.c.RepositoryConfigurationDelegate - Finished Spring Data repository scanning in 238ms. Found 6 repository interfaces.
2022-02-13 17:03:48 [main] INFO  o.s.c.s.PostProcessorRegistrationDelegate$BeanPostProcessorChecker - Bean 'org.springframework.transaction.annotation.ProxyTransactionManagementConfiguration' of type [org.springframework.transaction.annotation.ProxyTransactionManagementConfiguration] is not eligible for getting processed by all BeanPostProcessors (for example: not eligible for auto-proxying)
2022-02-13 17:03:49 [main] INFO  o.h.jpa.internal.util.LogHelper - HHH000204: Processing PersistenceUnitInfo [name: default]
2022-02-13 17:03:49 [main] INFO  org.hibernate.Version - HHH000412: Hibernate Core {5.4.8.Final}
2022-02-13 17:03:49 [main] INFO  o.h.annotations.common.Version - HCANN000001: Hibernate Commons Annotations {5.1.0.Final}
2022-02-13 17:03:50 [main] INFO  com.zaxxer.hikari.HikariDataSource - HikariPool-1 - Starting...
2022-02-13 17:03:51 [main] INFO  com.zaxxer.hikari.HikariDataSource - HikariPool-1 - Start completed.
2022-02-13 17:03:51 [main] INFO  org.hibernate.dialect.Dialect - HHH000400: Using dialect: org.hibernate.dialect.MySQL5InnoDBDialect
2022-02-13 17:03:53 [main] INFO  o.h.e.t.j.p.i.JtaPlatformInitiator - HHH000490: Using JtaPlatform implementation: [org.hibernate.engine.transaction.jta.platform.internal.NoJtaPlatform]
2022-02-13 17:03:53 [main] INFO  o.s.o.j.LocalContainerEntityManagerFactoryBean - Initialized JPA EntityManagerFactory for persistence unit 'default'
2022-02-13 17:03:56 [main] WARN  o.s.b.a.o.j.JpaBaseConfiguration$JpaWebConfiguration - spring.jpa.open-in-view is enabled by default. Therefore, database queries may be performed during view rendering. Explicitly configure spring.jpa.open-in-view to disable this warning
2022-02-13 17:03:57 [main] INFO  o.s.s.c.ThreadPoolTaskExecutor - Initializing ExecutorService 'applicationTaskExecutor'
2022-02-13 17:03:59 [main] INFO  t.e.spring.EmployeServiceImplTest - Started EmployeServiceImplTest in 14.803 seconds (JVM running for 17.548)
2022-02-13 17:03:59 [main] INFO  t.e.spring.EmployeServiceImplTest - ********************************Start Method Test Add Employee ******************************************************
2022-02-13 17:04:00 [main] INFO  t.e.spring.EmployeServiceImplTest - this is one employee of  3 employees
2022-02-13 17:04:00 [main] INFO  t.e.spring.EmployeServiceImplTest - ********************************End Method Test Add Employee ******************************************************
2022-02-13 17:04:00 [SpringContextShutdownHook] INFO  o.s.s.c.ThreadPoolTaskExecutor - Shutting down ExecutorService 'applicationTaskExecutor'
2022-02-13 17:04:00 [SpringContextShutdownHook] INFO  o.s.o.j.LocalContainerEntityManagerFactoryBean - Closing JPA EntityManagerFactory for persistence unit 'default'
2022-02-13 17:04:00 [SpringContextShutdownHook] INFO  com.zaxxer.hikari.HikariDataSource - HikariPool-1 - Shutdown initiated...
2022-02-13 17:04:00 [SpringContextShutdownHook] INFO  com.zaxxer.hikari.HikariDataSource - HikariPool-1 - Shutdown completed.
