2022-02-15 19:18:34 [Thread-23] INFO  o.s.s.c.ThreadPoolTaskExecutor - Shutting down ExecutorService 'applicationTaskExecutor'
2022-02-15 19:18:34 [Thread-23] INFO  o.s.o.j.LocalContainerEntityManagerFactoryBean - Closing JPA EntityManagerFactory for persistence unit 'default'
2022-02-15 19:18:34 [Thread-23] INFO  com.zaxxer.hikari.HikariDataSource - HikariPool-5 - Shutdown initiated...
2022-02-15 19:18:34 [Thread-23] INFO  com.zaxxer.hikari.HikariDataSource - HikariPool-5 - Shutdown completed.
2022-02-15 19:18:35 [restartedMain] INFO  t.esprit.spring.TimesheetApplication - Starting TimesheetApplication on TNLT1270 with PID 26896 (started by mgara in C:\DevOps\My Project\TimeSheet)
2022-02-15 19:18:35 [restartedMain] INFO  t.esprit.spring.TimesheetApplication - No active profile set, falling back to default profiles: default
2022-02-15 19:18:35 [restartedMain] INFO  o.s.d.r.c.RepositoryConfigurationDelegate - Bootstrapping Spring Data repositories in DEFAULT mode.
2022-02-15 19:18:35 [restartedMain] INFO  o.s.d.r.c.RepositoryConfigurationDelegate - Finished Spring Data repository scanning in 23ms. Found 6 repository interfaces.
2022-02-15 19:18:35 [restartedMain] INFO  o.s.c.s.PostProcessorRegistrationDelegate$BeanPostProcessorChecker - Bean 'org.springframework.transaction.annotation.ProxyTransactionManagementConfiguration' of type [org.springframework.transaction.annotation.ProxyTransactionManagementConfiguration] is not eligible for getting processed by all BeanPostProcessors (for example: not eligible for auto-proxying)
2022-02-15 19:18:35 [restartedMain] WARN  o.a.tomcat.util.modeler.Registry - The MBean registry cannot be disabled because it has already been initialised
2022-02-15 19:18:35 [restartedMain] INFO  o.s.b.w.e.tomcat.TomcatWebServer - Tomcat initialized with port(s): 8180 (http)
2022-02-15 19:18:35 [restartedMain] INFO  o.a.catalina.core.StandardService - Starting service [Tomcat]
2022-02-15 19:18:35 [restartedMain] INFO  o.a.catalina.core.StandardEngine - Starting Servlet engine: [Apache Tomcat/9.0.27]
2022-02-15 19:18:35 [restartedMain] INFO  org.apache.jasper.servlet.TldScanner - At least one JAR was scanned for TLDs yet contained no TLDs. Enable debug logging for this logger for a complete list of JARs that were scanned but no TLDs were found in them. Skipping unneeded JARs during scanning can improve startup time and JSP compilation time.
2022-02-15 19:18:35 [restartedMain] INFO  o.a.c.c.C.[.[localhost].[/SpringMVC] - Initializing Spring embedded WebApplicationContext
2022-02-15 19:18:35 [restartedMain] INFO  o.s.web.context.ContextLoader - Root WebApplicationContext: initialization completed in 449 ms
2022-02-15 19:18:35 [restartedMain] INFO  o.a.m.c.DefaultFacesConfigurationProvider - Reading standard config META-INF/standard-faces-config.xml
2022-02-15 19:18:35 [restartedMain] INFO  o.a.m.c.DefaultFacesConfigurationProvider - Reading config /WEB-INF/faces-config.xml
2022-02-15 19:18:35 [restartedMain] INFO  o.a.m.c.DefaultFacesConfigurationProvider - Reading config : jar:file:/C:/Users/mgara/.m2/repository/org/ocpsoft/rewrite/rewrite-integration-faces/3.4.1.Final/rewrite-integration-faces-3.4.1.Final.jar!/META-INF/faces-config.xml
2022-02-15 19:18:35 [restartedMain] INFO  o.a.m.c.DefaultFacesConfigurationProvider - Reading config : jar:file:/C:/Users/mgara/.m2/repository/org/ocpsoft/rewrite/rewrite-config-prettyfaces/3.4.1.Final/rewrite-config-prettyfaces-3.4.1.Final.jar!/META-INF/faces-config.xml
2022-02-15 19:18:35 [restartedMain] INFO  o.a.m.c.DefaultFacesConfigurationProvider - Reading config : jar:file:/C:/Users/mgara/.m2/repository/org/primefaces/primefaces/6.1/primefaces-6.1.jar!/META-INF/faces-config.xml
2022-02-15 19:18:35 [restartedMain] INFO  o.a.myfaces.config.LogMetaInfUtils - Artifact 'myfaces-api' was found in version '2.2.12' from path 'file:/C:/Users/mgara/.m2/repository/org/apache/myfaces/core/myfaces-api/2.2.12/myfaces-api-2.2.12.jar'
2022-02-15 19:18:35 [restartedMain] INFO  o.a.myfaces.config.LogMetaInfUtils - Artifact 'myfaces-impl' was found in version '2.2.12' from path 'file:/C:/Users/mgara/.m2/repository/org/apache/myfaces/core/myfaces-impl/2.2.12/myfaces-impl-2.2.12.jar'
2022-02-15 19:18:35 [restartedMain] INFO  o.a.m.s.i.DefaultInjectionProviderFactory - Using InjectionProvider org.apache.myfaces.spi.impl.Tomcat7AnnotationInjectionProvider
2022-02-15 19:18:36 [restartedMain] INFO  unknown.jul.logger - RewritePhaseListener starting up.
2022-02-15 19:18:36 [restartedMain] INFO  o.a.m.application.ApplicationImpl - Couldn't discover the current project stage, using Production
2022-02-15 19:18:36 [restartedMain] INFO  o.a.myfaces.config.FacesConfigurator - Serialization provider : class org.apache.myfaces.shared_impl.util.serial.DefaultSerialFactory
2022-02-15 19:18:36 [restartedMain] INFO  o.a.m.c.a.DefaultLifecycleProviderFactory - Using LifecycleProvider org.apache.myfaces.config.annotation.Tomcat7AnnotationLifecycleProvider
2022-02-15 19:18:36 [restartedMain] INFO  o.p.w.PostConstructApplicationEventListener - Running on PrimeFaces 6.1
2022-02-15 19:18:36 [restartedMain] INFO  o.a.m.w.AbstractFacesInitializer - ServletContext initialized.
2022-02-15 19:18:36 [restartedMain] INFO  o.a.m.webapp.WebConfigParamsLogger - Tomahawk jar not available. Autoscrolling, DetectJavascript, AddResourceClass and CheckExtensionsFilter are disabled now.
2022-02-15 19:18:36 [restartedMain] INFO  o.a.m.webapp.WebConfigParamsLogger - Scanning for context init parameters not defined. It is not necessary to define them all into your web.xml, they are just provided here for informative purposes. To disable this messages set org.apache.myfaces.LOG_WEB_CONTEXT_PARAMS config param to 'false'
2022-02-15 19:18:36 [restartedMain] INFO  o.a.m.webapp.WebConfigParamsLogger - No context init parameter 'javax.faces.RESOURCE_EXCLUDES' found, using default value '.class .jsp .jspx .properties .xhtml .groovy'.
2022-02-15 19:18:36 [restartedMain] INFO  o.a.m.webapp.WebConfigParamsLogger - No context init parameter 'javax.faces.STATE_SAVING_METHOD' found, using default value 'server'.
2022-02-15 19:18:36 [restartedMain] INFO  o.a.m.webapp.WebConfigParamsLogger - No context init parameter 'javax.faces.FULL_STATE_SAVING_VIEW_IDS' found.
2022-02-15 19:18:36 [restartedMain] INFO  o.a.m.webapp.WebConfigParamsLogger - No context init parameter 'javax.faces.PARTIAL_STATE_SAVING' found, using default value 'true (false with 1.2 webapps)'.
2022-02-15 19:18:36 [restartedMain] INFO  o.a.m.webapp.WebConfigParamsLogger - No context init parameter 'javax.faces.SERIALIZE_SERVER_STATE' found, using default value 'false'.
2022-02-15 19:18:36 [restartedMain] INFO  o.a.m.webapp.WebConfigParamsLogger - No context init parameter 'javax.faces.DEFAULT_SUFFIX' found, using default value '.xhtml .view.xml .jsp'.
2022-02-15 19:18:36 [restartedMain] INFO  o.a.m.webapp.WebConfigParamsLogger - No context init parameter 'javax.faces.FACELETS_SUFFIX' found, using default value '.xhtml'.
2022-02-15 19:18:36 [restartedMain] INFO  o.a.m.webapp.WebConfigParamsLogger - No context init parameter 'javax.faces.FACELETS_VIEW_MAPPINGS' found.
2022-02-15 19:18:36 [restartedMain] INFO  o.a.m.webapp.WebConfigParamsLogger - No context init parameter 'DISABLE_FACELET_JSF_VIEWHANDLER' found.
2022-02-15 19:18:36 [restartedMain] INFO  o.a.m.webapp.WebConfigParamsLogger - No context init parameter 'javax.faces.FACELETS_BUFFER_SIZE' found, using default value '1024'.
2022-02-15 19:18:36 [restartedMain] INFO  o.a.m.webapp.WebConfigParamsLogger - No context init parameter 'javax.faces.FACELETS_DECORATORS' found.
2022-02-15 19:18:36 [restartedMain] INFO  o.a.m.webapp.WebConfigParamsLogger - No context init parameter 'javax.faces.FACELETS_LIBRARIES' found.
2022-02-15 19:18:36 [restartedMain] INFO  o.a.m.webapp.WebConfigParamsLogger - No context init parameter 'javax.faces.FACELETS_REFRESH_PERIOD' found, using default value '-1'.
2022-02-15 19:18:36 [restartedMain] INFO  o.a.m.webapp.WebConfigParamsLogger - No context init parameter 'javax.faces.FACELETS_SKIP_COMMENTS' found.
2022-02-15 19:18:36 [restartedMain] INFO  o.a.m.webapp.WebConfigParamsLogger - No context init parameter 'javax.faces.HONOR_CURRENT_COMPONENT_ATTRIBUTES' found, using default value 'false'.
2022-02-15 19:18:36 [restartedMain] INFO  o.a.m.webapp.WebConfigParamsLogger - No context init parameter 'javax.faces.VALIDATE_EMPTY_FIELDS' found, using default value 'auto'.
2022-02-15 19:18:36 [restartedMain] INFO  o.a.m.webapp.WebConfigParamsLogger - No context init parameter 'javax.faces.INTERPRET_EMPTY_STRING_SUBMITTED_VALUES_AS_NULL' found, using default value 'false'.
2022-02-15 19:18:36 [restartedMain] INFO  o.a.m.webapp.WebConfigParamsLogger - No context init parameter 'javax.faces.DATETIMECONVERTER_DEFAULT_TIMEZONE_IS_SYSTEM_TIMEZONE' found, using default value 'false'.
2022-02-15 19:18:36 [restartedMain] INFO  o.a.m.webapp.WebConfigParamsLogger - No context init parameter 'org.apache.myfaces.ENUM_CONVERTER_ALLOW_STRING_PASSTROUGH' found, using default value 'false'.
2022-02-15 19:18:36 [restartedMain] INFO  o.a.m.webapp.WebConfigParamsLogger - No context init parameter 'javax.faces.validator.DISABLE_DEFAULT_BEAN_VALIDATOR' found, using default value 'true'.
2022-02-15 19:18:36 [restartedMain] INFO  o.a.m.webapp.WebConfigParamsLogger - No context init parameter 'javax.faces.CONFIG_FILES' found.
2022-02-15 19:18:36 [restartedMain] INFO  o.a.m.webapp.WebConfigParamsLogger - No context init parameter 'javax.faces.LIFECYCLE_ID' found.
2022-02-15 19:18:36 [restartedMain] INFO  o.a.m.webapp.WebConfigParamsLogger - No context init parameter 'org.apache.myfaces.ERROR_HANDLER' found.
2022-02-15 19:18:36 [restartedMain] INFO  o.a.m.webapp.WebConfigParamsLogger - No context init parameter 'org.apache.myfaces.CHECKED_VIEWID_CACHE_SIZE' found, using default value '500'.
2022-02-15 19:18:36 [restartedMain] INFO  o.a.m.webapp.WebConfigParamsLogger - No context init parameter 'org.apache.myfaces.CHECKED_VIEWID_CACHE_ENABLED' found, using default value 'true'.
2022-02-15 19:18:36 [restartedMain] INFO  o.a.m.webapp.WebConfigParamsLogger - No context init parameter 'org.apache.myfaces.PRETTY_HTML' found, using default value 'true'.
2022-02-15 19:18:36 [restartedMain] INFO  o.a.m.webapp.WebConfigParamsLogger - No context init parameter 'org.apache.myfaces.ALLOW_JAVASCRIPT' found, using default value 'true'.
2022-02-15 19:18:36 [restartedMain] INFO  o.a.m.webapp.WebConfigParamsLogger - No context init parameter 'org.apache.myfaces.CONFIG_REFRESH_PERIOD' found, using default value '2'.
2022-02-15 19:18:36 [restartedMain] INFO  o.a.m.webapp.WebConfigParamsLogger - No context init parameter 'org.apache.myfaces.VIEWSTATE_JAVASCRIPT' found, using default value 'false'.
2022-02-15 19:18:36 [restartedMain] INFO  o.a.m.webapp.WebConfigParamsLogger - No context init parameter 'org.apache.myfaces.RENDER_VIEWSTATE_ID' found, using default value 'true'.
2022-02-15 19:18:36 [restartedMain] INFO  o.a.m.webapp.WebConfigParamsLogger - No context init parameter 'org.apache.myfaces.STRICT_XHTML_LINKS' found, using default value 'true'.
2022-02-15 19:18:36 [restartedMain] INFO  o.a.m.webapp.WebConfigParamsLogger - No context init parameter 'org.apache.myfaces.RENDER_CLEAR_JAVASCRIPT_FOR_BUTTON' found, using default value 'false'.
2022-02-15 19:18:36 [restartedMain] INFO  o.a.m.webapp.WebConfigParamsLogger - No context init parameter 'org.apache.myfaces.RENDER_HIDDEN_FIELDS_FOR_LINK_PARAMS' found, using default value 'false'.
2022-02-15 19:18:36 [restartedMain] INFO  o.a.m.webapp.WebConfigParamsLogger - No context init parameter 'org.apache.myfaces.SAVE_FORM_SUBMIT_LINK_IE' found, using default value 'false'.
2022-02-15 19:18:36 [restartedMain] INFO  o.a.m.webapp.WebConfigParamsLogger - No context init parameter 'org.apache.myfaces.DELEGATE_FACES_SERVLET' found.
2022-02-15 19:18:36 [restartedMain] INFO  o.a.m.webapp.WebConfigParamsLogger - No context init parameter 'org.apache.myfaces.REFRESH_TRANSIENT_BUILD_ON_PSS' found, using default value 'auto'.
2022-02-15 19:18:36 [restartedMain] INFO  o.a.m.webapp.WebConfigParamsLogger - No context init parameter 'org.apache.myfaces.REFRESH_TRANSIENT_BUILD_ON_PSS_PRESERVE_STATE' found, using default value 'false'.
2022-02-15 19:18:36 [restartedMain] INFO  o.a.m.webapp.WebConfigParamsLogger - No context init parameter 'org.apache.myfaces.VALIDATE_XML' found.
2022-02-15 19:18:36 [restartedMain] INFO  o.a.m.webapp.WebConfigParamsLogger - No context init parameter 'org.apache.myfaces.WRAP_SCRIPT_CONTENT_WITH_XML_COMMENT_TAG' found, using default value 'false'.
2022-02-15 19:18:36 [restartedMain] INFO  o.a.m.webapp.WebConfigParamsLogger - No context init parameter 'org.apache.myfaces.RENDER_FORM_SUBMIT_SCRIPT_INLINE' found, using default value 'false'.
2022-02-15 19:18:36 [restartedMain] INFO  o.a.m.webapp.WebConfigParamsLogger - No context init parameter 'org.apache.myfaces.DEBUG_PHASE_LISTENER' found.
2022-02-15 19:18:36 [restartedMain] INFO  o.a.m.webapp.WebConfigParamsLogger - No context init parameter 'org.apache.myfaces.STRICT_JSF_2_REFRESH_TARGET_AJAX' found, using default value 'false'.
2022-02-15 19:18:36 [restartedMain] INFO  o.a.m.webapp.WebConfigParamsLogger - No context init parameter 'org.apache.myfaces.STRICT_JSF_2_CC_EL_RESOLVER' found, using default value 'false'.
2022-02-15 19:18:36 [restartedMain] INFO  o.a.m.webapp.WebConfigParamsLogger - No context init parameter 'org.apache.myfaces.DEFAULT_RESPONSE_WRITER_CONTENT_TYPE_MODE' found, using default value 'text/html'.
2022-02-15 19:18:36 [restartedMain] INFO  o.a.m.webapp.WebConfigParamsLogger - No context init parameter 'org.apache.myfaces.VIEW_UNIQUE_IDS_CACHE_ENABLED' found, using default value 'true'.
2022-02-15 19:18:36 [restartedMain] INFO  o.a.m.webapp.WebConfigParamsLogger - No context init parameter 'org.apache.myfaces.COMPONENT_UNIQUE_IDS_CACHE_SIZE' found, using default value '100'.
2022-02-15 19:18:36 [restartedMain] INFO  o.a.m.webapp.WebConfigParamsLogger - No context init parameter 'org.apache.myfaces.SUPPORT_JSP_AND_FACES_EL' found, using default value 'true'.
2022-02-15 19:18:36 [restartedMain] INFO  o.a.m.webapp.WebConfigParamsLogger - No context init parameter 'org.apache.myfaces.GAE_JSF_JAR_FILES' found.
2022-02-15 19:18:36 [restartedMain] INFO  o.a.m.webapp.WebConfigParamsLogger - No context init parameter 'org.apache.myfaces.GAE_JSF_ANNOTATIONS_JAR_FILES' found.
2022-02-15 19:18:36 [restartedMain] INFO  o.a.m.webapp.WebConfigParamsLogger - No context init parameter 'org.apache.myfaces.STRICT_JSF_2_VIEW_NOT_FOUND' found, using default value 'false'.
2022-02-15 19:18:36 [restartedMain] INFO  o.a.m.webapp.WebConfigParamsLogger - No context init parameter 'org.apache.myfaces.EARLY_FLUSH_ENABLED' found, using default value 'false'.
2022-02-15 19:18:36 [restartedMain] INFO  o.a.m.webapp.WebConfigParamsLogger - No context init parameter 'org.apache.myfaces.CDI_MANAGED_CONVERTERS_ENABLED' found, using default value 'false'.
2022-02-15 19:18:36 [restartedMain] INFO  o.a.m.webapp.WebConfigParamsLogger - No context init parameter 'org.apache.myfaces.CDI_MANAGED_VALIDATORS_ENABLED' found, using default value 'false'.
2022-02-15 19:18:36 [restartedMain] INFO  o.a.m.webapp.WebConfigParamsLogger - No context init parameter 'org.apache.myfaces.STRICT_JSF_2_FACELETS_COMPATIBILITY' found, using default value 'false'.
2022-02-15 19:18:36 [restartedMain] INFO  o.a.m.webapp.WebConfigParamsLogger - No context init parameter 'org.apache.myfaces.RENDER_FORM_VIEW_STATE_AT_BEGIN' found, using default value 'false'.
2022-02-15 19:18:36 [restartedMain] INFO  o.a.m.webapp.WebConfigParamsLogger - No context init parameter 'org.apache.myfaces.FLASH_SCOPE_DISABLED' found, using default value 'false'.
2022-02-15 19:18:36 [restartedMain] INFO  o.a.m.webapp.WebConfigParamsLogger - No context init parameter 'org.apache.myfaces.NUMBER_OF_VIEWS_IN_SESSION' found, using default value '20'.
2022-02-15 19:18:36 [restartedMain] INFO  o.a.m.webapp.WebConfigParamsLogger - No context init parameter 'org.apache.myfaces.NUMBER_OF_SEQUENTIAL_VIEWS_IN_SESSION' found, using default value '4'.
2022-02-15 19:18:36 [restartedMain] INFO  o.a.m.webapp.WebConfigParamsLogger - No context init parameter 'org.apache.myfaces.NUMBER_OF_FLASH_TOKENS_IN_SESSION' found.
2022-02-15 19:18:36 [restartedMain] INFO  o.a.m.webapp.WebConfigParamsLogger - No context init parameter 'org.apache.myfaces.FACES_FLOW_CLIENT_WINDOW_IDS_IN_SESSION' found.
2022-02-15 19:18:36 [restartedMain] INFO  o.a.m.webapp.WebConfigParamsLogger - No context init parameter 'org.apache.myfaces.SUPPORT_EL_3_IMPORT_HANDLER' found, using default value 'false'.
2022-02-15 19:18:36 [restartedMain] INFO  o.a.m.webapp.WebConfigParamsLogger - No context init parameter 'org.apache.myfaces.RESOURCE_MAX_TIME_EXPIRES' found, using default value '604800000'.
2022-02-15 19:18:36 [restartedMain] INFO  o.a.m.webapp.WebConfigParamsLogger - No context init parameter 'org.apache.myfaces.RESOURCE_HANDLER_CACHE_SIZE' found, using default value '500'.
2022-02-15 19:18:36 [restartedMain] INFO  o.a.m.webapp.WebConfigParamsLogger - No context init parameter 'org.apache.myfaces.RESOURCE_HANDLER_CACHE_ENABLED' found, using default value 'true'.
2022-02-15 19:18:36 [restartedMain] INFO  o.a.m.webapp.WebConfigParamsLogger - No context init parameter 'org.apache.myfaces.USE_ENCRYPTION' found, using default value 'true'.
2022-02-15 19:18:36 [restartedMain] INFO  o.a.m.webapp.WebConfigParamsLogger - No context init parameter 'org.apache.myfaces.SECRET' found.
2022-02-15 19:18:36 [restartedMain] INFO  o.a.m.webapp.WebConfigParamsLogger - No context init parameter 'org.apache.myfaces.ALGORITHM' found, using default value 'DES'.
2022-02-15 19:18:36 [restartedMain] INFO  o.a.m.webapp.WebConfigParamsLogger - No context init parameter 'org.apache.myfaces.SECRET.CACHE' found.
2022-02-15 19:18:36 [restartedMain] INFO  o.a.m.webapp.WebConfigParamsLogger - No context init parameter 'org.apache.myfaces.ALGORITHM.IV' found.
2022-02-15 19:18:36 [restartedMain] INFO  o.a.m.webapp.WebConfigParamsLogger - No context init parameter 'org.apache.myfaces.ALGORITHM.PARAMETERS' found, using default value 'ECB/PKCS5Padding'.
2022-02-15 19:18:36 [restartedMain] INFO  o.a.m.webapp.WebConfigParamsLogger - No context init parameter 'org.apache.myfaces.SERIAL_FACTORY' found.
2022-02-15 19:18:36 [restartedMain] INFO  o.a.m.webapp.WebConfigParamsLogger - No context init parameter 'org.apache.myfaces.COMPRESS_STATE_IN_CLIENT' found, using default value 'false'.
2022-02-15 19:18:36 [restartedMain] INFO  o.a.m.webapp.WebConfigParamsLogger - No context init parameter 'org.apache.myfaces.MAC_ALGORITHM' found, using default value 'HmacSHA1'.
2022-02-15 19:18:36 [restartedMain] INFO  o.a.m.webapp.WebConfigParamsLogger - No context init parameter 'org.apache.myfaces.MAC_SECRET' found.
2022-02-15 19:18:36 [restartedMain] INFO  o.a.m.webapp.WebConfigParamsLogger - No context init parameter 'org.apache.myfaces.MAC_SECRET.CACHE' found.
2022-02-15 19:18:36 [restartedMain] INFO  o.a.m.webapp.WebConfigParamsLogger - No context init parameter 'javax.faces.PROJECT_STAGE' found, using default value 'Production'.
2022-02-15 19:18:36 [restartedMain] INFO  o.a.m.webapp.WebConfigParamsLogger - No context init parameter 'org.apache.myfaces.LAZY_LOAD_CONFIG_OBJECTS' found, using default value 'true'.
2022-02-15 19:18:36 [restartedMain] INFO  o.a.m.webapp.WebConfigParamsLogger - No context init parameter 'org.apache.myfaces.STRICT_JSF_2_ALLOW_SLASH_LIBRARY_NAME' found, using default value 'false'.
2022-02-15 19:18:36 [restartedMain] INFO  o.a.m.webapp.WebConfigParamsLogger - No context init parameter 'org.apache.myfaces.RESOURCE_BUFFER_SIZE' found, using default value '2048'.
2022-02-15 19:18:36 [restartedMain] INFO  o.a.m.webapp.WebConfigParamsLogger - No context init parameter 'org.apache.myfaces.RANDOM_KEY_IN_CSRF_SESSION_TOKEN' found, using default value 'none'.
2022-02-15 19:18:36 [restartedMain] INFO  o.a.m.webapp.WebConfigParamsLogger - No context init parameter 'org.apache.myfaces.RANDOM_KEY_IN_CSRF_SESSION_TOKEN_LENGTH' found, using default value '16'.
2022-02-15 19:18:36 [restartedMain] INFO  o.a.m.webapp.WebConfigParamsLogger - No context init parameter 'org.apache.myfaces.RANDOM_KEY_IN_CSRF_SESSION_TOKEN_SECURE_RANDOM_CLASS' found.
2022-02-15 19:18:36 [restartedMain] INFO  o.a.m.webapp.WebConfigParamsLogger - No context init parameter 'org.apache.myfaces.RANDOM_KEY_IN_CSRF_SESSION_TOKEN_SECURE_RANDOM_PROVIDER' found.
2022-02-15 19:18:36 [restartedMain] INFO  o.a.m.webapp.WebConfigParamsLogger - No context init parameter 'org.apache.myfaces.RANDOM_KEY_IN_CSRF_SESSION_TOKEN_SECURE_RANDOM_ALGORITM' found, using default value 'SHA1PRNG'.
2022-02-15 19:18:36 [restartedMain] INFO  o.a.m.webapp.WebConfigParamsLogger - No context init parameter 'org.apache.myfaces.CLIENT_VIEW_STATE_TIMEOUT' found, using default value '0'.
2022-02-15 19:18:36 [restartedMain] INFO  o.a.m.webapp.WebConfigParamsLogger - No context init parameter 'org.apache.myfaces.SERIALIZE_STATE_IN_SESSION' found, using default value 'false'.
2022-02-15 19:18:36 [restartedMain] INFO  o.a.m.webapp.WebConfigParamsLogger - No context init parameter 'org.apache.myfaces.COMPRESS_STATE_IN_SESSION' found, using default value 'true'.
2022-02-15 19:18:36 [restartedMain] INFO  o.a.m.webapp.WebConfigParamsLogger - No context init parameter 'org.apache.myfaces.CACHE_OLD_VIEWS_IN_SESSION_MODE' found, using default value 'off'.
2022-02-15 19:18:36 [restartedMain] INFO  o.a.m.webapp.WebConfigParamsLogger - No context init parameter 'org.apache.myfaces.USE_FLASH_SCOPE_PURGE_VIEWS_IN_SESSION' found, using default value 'false'.
2022-02-15 19:18:36 [restartedMain] INFO  o.a.m.webapp.WebConfigParamsLogger - No context init parameter 'org.apache.myfaces.RANDOM_KEY_IN_VIEW_STATE_SESSION_TOKEN' found, using default value 'none'.
2022-02-15 19:18:36 [restartedMain] INFO  o.a.m.webapp.WebConfigParamsLogger - No context init parameter 'org.apache.myfaces.RANDOM_KEY_IN_VIEW_STATE_SESSION_TOKEN_LENGTH' found, using default value '8'.
2022-02-15 19:18:36 [restartedMain] INFO  o.a.m.webapp.WebConfigParamsLogger - No context init parameter 'org.apache.myfaces.RANDOM_KEY_IN_VIEW_STATE_SESSION_TOKEN_SECURE_RANDOM_CLASS' found.
2022-02-15 19:18:36 [restartedMain] INFO  o.a.m.webapp.WebConfigParamsLogger - No context init parameter 'org.apache.myfaces.RANDOM_KEY_IN_VIEW_STATE_SESSION_TOKEN_SECURE_RANDOM_PROVIDER' found.
2022-02-15 19:18:36 [restartedMain] INFO  o.a.m.webapp.WebConfigParamsLogger - No context init parameter 'org.apache.myfaces.RANDOM_KEY_IN_VIEW_STATE_SESSION_TOKEN_SECURE_RANDOM_ALGORITM' found, using default value 'SHA1PRNG'.
2022-02-15 19:18:36 [restartedMain] INFO  o.a.m.webapp.WebConfigParamsLogger - No context init parameter 'facelets.LIBRARIES' found.
2022-02-15 19:18:36 [restartedMain] INFO  o.a.m.webapp.WebConfigParamsLogger - No context init parameter 'org.apache.myfaces.VALIDATE' found, using default value 'false'.
2022-02-15 19:18:36 [restartedMain] INFO  o.a.m.webapp.WebConfigParamsLogger - No context init parameter 'org.apache.myfaces.annotation.USE_CDI_FOR_ANNOTATION_SCANNING' found.
2022-02-15 19:18:36 [restartedMain] INFO  o.a.m.webapp.WebConfigParamsLogger - No context init parameter 'org.apache.myfaces.annotation.SCAN_PACKAGES' found.
2022-02-15 19:18:36 [restartedMain] INFO  o.a.m.webapp.WebConfigParamsLogger - No context init parameter 'org.apache.myfaces.config.annotation.LifecycleProvider' found.
2022-02-15 19:18:36 [restartedMain] INFO  o.a.m.webapp.WebConfigParamsLogger - No context init parameter 'org.apache.myfaces.INITIALIZE_SKIP_JAR_FACES_CONFIG_SCAN' found, using default value 'false'.
2022-02-15 19:18:36 [restartedMain] INFO  o.a.m.webapp.WebConfigParamsLogger - No context init parameter 'org.apache.myfaces.EL_RESOLVER_COMPARATOR' found.
2022-02-15 19:18:36 [restartedMain] INFO  o.a.m.webapp.WebConfigParamsLogger - No context init parameter 'org.apache.myfaces.EL_RESOLVER_PREDICATE' found.
2022-02-15 19:18:36 [restartedMain] INFO  o.a.m.webapp.WebConfigParamsLogger - No context init parameter 'org.apache.myfaces.DEFAULT_WINDOW_MODE' found, using default value 'url'.
2022-02-15 19:18:36 [restartedMain] INFO  o.a.m.webapp.WebConfigParamsLogger - No context init parameter 'org.apache.myfaces.CHECKED_VIEWID_CACHE_SIZE' found, using default value '500'.
2022-02-15 19:18:36 [restartedMain] INFO  o.a.m.webapp.WebConfigParamsLogger - No context init parameter 'org.apache.myfaces.CHECKED_VIEWID_CACHE_ENABLED' found, using default value 'true'.
2022-02-15 19:18:36 [restartedMain] INFO  o.a.m.webapp.WebConfigParamsLogger - No context init parameter 'org.apache.myfaces.ERROR_TEMPLATE_RESOURCE' found, using default value 'META-INF/rsc/myfaces-dev-error.xml'.
2022-02-15 19:18:36 [restartedMain] INFO  o.a.m.webapp.WebConfigParamsLogger - No context init parameter 'org.apache.myfaces.DEBUG_TEMPLATE_RESOURCE' found, using default value 'META-INF/rsc/myfaces-dev-debug.xml'.
2022-02-15 19:18:36 [restartedMain] INFO  o.a.m.webapp.WebConfigParamsLogger - No context init parameter 'org.apache.myfaces.ERROR_HANDLING' found, using default value 'false, on Development Project stage: true'.
2022-02-15 19:18:36 [restartedMain] INFO  o.a.m.webapp.WebConfigParamsLogger - No context init parameter 'org.apache.myfaces.HANDLE_STATE_CACHING_MECHANICS' found, using default value 'true'.
2022-02-15 19:18:36 [restartedMain] INFO  o.a.m.webapp.WebConfigParamsLogger - No context init parameter 'org.apache.myfaces.AUTOCOMPLETE_OFF_VIEW_STATE' found, using default value 'true'.
2022-02-15 19:18:36 [restartedMain] INFO  o.a.m.webapp.WebConfigParamsLogger - No context init parameter 'org.apache.myfaces.USE_MULTIPLE_JS_FILES_FOR_JSF_UNCOMPRESSED_JS' found, using default value 'false'.
2022-02-15 19:18:36 [restartedMain] INFO  o.a.m.webapp.WebConfigParamsLogger - No context init parameter 'org.apache.myfaces.JSF_JS_MODE' found, using default value 'normal'.
2022-02-15 19:18:36 [restartedMain] INFO  o.a.m.webapp.WebConfigParamsLogger - No context init parameter 'org.apache.myfaces.TEMPORAL_RESOURCEHANDLER_CACHE_ENABLED' found, using default value 'false'.
2022-02-15 19:18:36 [restartedMain] INFO  o.a.m.webapp.WebConfigParamsLogger - No context init parameter 'org.apache.myfaces.SERVICE_PROVIDER_FINDER' found.
2022-02-15 19:18:36 [restartedMain] INFO  o.a.m.webapp.WebConfigParamsLogger - No context init parameter 'org.apache.myfaces.spi.InjectionProvider' found.
2022-02-15 19:18:36 [restartedMain] INFO  o.a.m.webapp.WebConfigParamsLogger - No context init parameter 'javax.faces.DISABLE_FACELET_JSF_VIEWHANDLER' found, using default value 'false'.
2022-02-15 19:18:36 [restartedMain] INFO  o.a.m.webapp.WebConfigParamsLogger - No context init parameter 'org.apache.myfaces.SAVE_STATE_WITH_VISIT_TREE_ON_PSS' found, using default value 'true'.
2022-02-15 19:18:36 [restartedMain] INFO  o.a.m.webapp.WebConfigParamsLogger - No context init parameter 'org.apache.myfaces.CHECK_ID_PRODUCTION_MODE' found, using default value 'auto'.
2022-02-15 19:18:36 [restartedMain] INFO  o.a.m.webapp.WebConfigParamsLogger - No context init parameter 'facelets.BUFFER_SIZE' found.
2022-02-15 19:18:36 [restartedMain] INFO  o.a.m.webapp.WebConfigParamsLogger - No context init parameter 'facelets.REFRESH_PERIOD' found, using default value '-1'.
2022-02-15 19:18:36 [restartedMain] INFO  o.a.m.webapp.WebConfigParamsLogger - No context init parameter 'javax.faces.FACELETS_RESOURCE_RESOLVER' found.
2022-02-15 19:18:36 [restartedMain] INFO  o.a.m.webapp.WebConfigParamsLogger - No context init parameter 'facelets.RESOURCE_RESOLVER' found.
2022-02-15 19:18:36 [restartedMain] INFO  o.a.m.webapp.WebConfigParamsLogger - No context init parameter 'org.apache.myfaces.MARK_INITIAL_STATE_WHEN_APPLY_BUILD_VIEW' found, using default value 'false'.
2022-02-15 19:18:36 [restartedMain] INFO  o.a.m.webapp.WebConfigParamsLogger - No context init parameter 'facelets.DECORATORS' found.
2022-02-15 19:18:36 [restartedMain] INFO  o.a.m.webapp.WebConfigParamsLogger - No context init parameter 'facelets.SKIP_COMMENTS' found.
2022-02-15 19:18:36 [restartedMain] INFO  o.a.m.webapp.WebConfigParamsLogger - No context init parameter 'org.apache.myfaces.WRAP_TAG_EXCEPTIONS_AS_CONTEXT_AWARE' found, using default value 'true'.
2022-02-15 19:18:36 [restartedMain] INFO  o.a.m.webapp.WebConfigParamsLogger - No context init parameter 'org.apache.myfaces.CACHE_EL_EXPRESSIONS' found, using default value 'noCache'.
2022-02-15 19:18:36 [restartedMain] INFO  o.a.m.webapp.WebConfigParamsLogger - No context init parameter 'org.apache.myfaces.VIEW_POOL_MAX_POOL_SIZE' found, using default value '5'.
2022-02-15 19:18:36 [restartedMain] INFO  o.a.m.webapp.WebConfigParamsLogger - No context init parameter 'org.apache.myfaces.VIEW_POOL_MAX_DYNAMIC_PARTIAL_LIMIT' found, using default value '2'.
2022-02-15 19:18:36 [restartedMain] INFO  o.a.m.webapp.WebConfigParamsLogger - No context init parameter 'org.apache.myfaces.VIEW_POOL_ENTRY_MODE' found, using default value 'soft'.
2022-02-15 19:18:36 [restartedMain] INFO  o.a.m.webapp.WebConfigParamsLogger - No context init parameter 'org.apache.myfaces.VIEW_POOL_DEFERRED_NAVIGATION' found, using default value 'false'.
2022-02-15 19:18:36 [restartedMain] INFO  o.a.m.webapp.WebConfigParamsLogger - No context init parameter 'org.apache.myfaces.validator.BEAN_BEFORE_JSF_VALIDATION' found, using default value 'false'.
2022-02-15 19:18:36 [restartedMain] INFO  o.a.m.webapp.WebConfigParamsLogger - No context init parameter 'org.apache.myfaces.EXPRESSION_FACTORY' found.
2022-02-15 19:18:36 [restartedMain] INFO  o.a.m.webapp.WebConfigParamsLogger - No context init parameter 'org.apache.myfaces.INITIALIZE_ALWAYS_STANDALONE' found, using default value 'false'.
2022-02-15 19:18:36 [restartedMain] INFO  o.a.m.webapp.WebConfigParamsLogger - No context init parameter 'org.apache.myfaces.LOG_WEB_CONTEXT_PARAMS' found, using default value 'auto'.
2022-02-15 19:18:36 [restartedMain] INFO  o.a.m.webapp.WebConfigParamsLogger - No context init parameter 'org.apache.myfaces.FACES_INITIALIZER' found.
2022-02-15 19:18:36 [restartedMain] INFO  o.a.m.webapp.WebConfigParamsLogger - No context init parameter 'org.apache.myfaces.FACES_INIT_PLUGINS' found.
2022-02-15 19:18:36 [restartedMain] INFO  o.a.m.v.facelets.ViewPoolProcessor - org.apache.myfaces.CACHE_EL_EXPRESSIONS web config parameter is set to "noCache". To enable view pooling this param must be set to "alwaysRecompile". View Pooling disabled.
2022-02-15 19:18:36 [restartedMain] INFO  o.a.m.w.StartupServletContextListener - MyFaces Core has started, it took [456] ms.
2022-02-15 19:18:36 [restartedMain] INFO  unknown.jul.logger - RewriteFilter starting up...
2022-02-15 19:18:36 [restartedMain] INFO  unknown.jul.logger - Loaded [4] org.ocpsoft.rewrite.servlet.spi.RewriteLifecycleListener [org.ocpsoft.rewrite.prettyfaces.PrettyFacesRewriteLifecycleListener<-100>, org.ocpsoft.rewrite.faces.FacesRewriteLifecycleListener<0>, org.ocpsoft.rewrite.servlet.impl.DefaultRewriteLifecycleListener<2147483647>, org.ocpsoft.rewrite.servlet.config.lifecycle.JoinRewriteLifecycleListener<2147483647>]
2022-02-15 19:18:36 [restartedMain] INFO  unknown.jul.logger - Loaded [1] org.ocpsoft.rewrite.servlet.spi.RequestCycleWrapper [org.ocpsoft.rewrite.servlet.impl.HttpRewriteRequestCycleWrapper<0>]
2022-02-15 19:18:36 [restartedMain] INFO  unknown.jul.logger - Loaded [1] org.ocpsoft.rewrite.spi.RewriteProvider [org.ocpsoft.rewrite.servlet.impl.DefaultHttpRewriteProvider<0>]
2022-02-15 19:18:36 [restartedMain] INFO  unknown.jul.logger - Loaded [1] org.ocpsoft.rewrite.servlet.spi.RewriteResultHandler [org.ocpsoft.rewrite.servlet.impl.HttpRewriteResultHandler<0>]
2022-02-15 19:18:36 [restartedMain] INFO  unknown.jul.logger - Loaded [1] org.ocpsoft.rewrite.servlet.spi.InboundRewriteProducer [org.ocpsoft.rewrite.servlet.impl.HttpInboundRewriteProducer<0>]
2022-02-15 19:18:36 [restartedMain] INFO  unknown.jul.logger - Loaded [1] org.ocpsoft.rewrite.servlet.spi.OutboundRewriteProducer [org.ocpsoft.rewrite.servlet.impl.HttpOutboundRewriteProducer<0>]
2022-02-15 19:18:36 [restartedMain] INFO  unknown.jul.logger - Loaded [1] org.ocpsoft.rewrite.servlet.spi.ContextListener [org.ocpsoft.rewrite.prettyfaces.PrettyConfigContextListener<0>]
2022-02-15 19:18:36 [restartedMain] INFO  unknown.jul.logger - Loaded [0] org.ocpsoft.rewrite.servlet.spi.RequestListener []
2022-02-15 19:18:36 [restartedMain] INFO  unknown.jul.logger - Loaded [1] org.ocpsoft.rewrite.servlet.spi.RequestParameterProvider [org.ocpsoft.rewrite.prettyfaces.PrettyFacesRequestParameterProvider<0>]
2022-02-15 19:18:36 [restartedMain] INFO  unknown.jul.logger - Loaded [1] org.ocpsoft.rewrite.el.spi.ExpressionLanguageProvider [org.ocpsoft.rewrite.faces.FacesExpressionLanguageProvider<30>]
2022-02-15 19:18:36 [restartedMain] INFO  unknown.jul.logger - Loaded [1] org.ocpsoft.rewrite.spi.InvocationResultHandler [org.ocpsoft.rewrite.faces.NavigatingInvocationResultHandler<100>]
2022-02-15 19:18:36 [restartedMain] INFO  unknown.jul.logger - Loaded [0] org.ocpsoft.common.spi.ServiceEnricher []
2022-02-15 19:18:36 [restartedMain] INFO  unknown.jul.logger - Loaded [1] org.ocpsoft.rewrite.spi.ConfigurationCacheProvider [org.ocpsoft.rewrite.servlet.impl.ServletContextConfigurationCacheProvider<0>]
2022-02-15 19:18:36 [restartedMain] INFO  unknown.jul.logger - Loaded [2] org.ocpsoft.rewrite.config.ConfigurationProvider [org.ocpsoft.rewrite.prettyfaces.PrettyFacesRewriteConfigurationProvider<1>, org.ocpsoft.rewrite.annotation.config.AnnotationConfigProvider<100>]
2022-02-15 19:18:36 [restartedMain] INFO  unknown.jul.logger - Loaded [0] org.ocpsoft.rewrite.spi.RuleCacheProvider []
2022-02-15 19:18:36 [restartedMain] INFO  unknown.jul.logger - Rewrite 3.4.1.Final initialized.
2022-02-15 19:18:36 [restartedMain] INFO  o.h.jpa.internal.util.LogHelper - HHH000204: Processing PersistenceUnitInfo [name: default]
2022-02-15 19:18:36 [restartedMain] INFO  com.zaxxer.hikari.HikariDataSource - HikariPool-6 - Starting...
2022-02-15 19:18:36 [restartedMain] INFO  com.zaxxer.hikari.HikariDataSource - HikariPool-6 - Start completed.
2022-02-15 19:18:36 [restartedMain] INFO  org.hibernate.dialect.Dialect - HHH000400: Using dialect: org.hibernate.dialect.MySQL5InnoDBDialect
2022-02-15 19:18:36 [restartedMain] INFO  o.h.e.t.j.p.i.JtaPlatformInitiator - HHH000490: Using JtaPlatform implementation: [org.hibernate.engine.transaction.jta.platform.internal.NoJtaPlatform]
2022-02-15 19:18:36 [restartedMain] INFO  o.s.o.j.LocalContainerEntityManagerFactoryBean - Initialized JPA EntityManagerFactory for persistence unit 'default'
2022-02-15 19:18:36 [restartedMain] INFO  o.s.b.d.a.OptionalLiveReloadServer - LiveReload server is running on port 35729
2022-02-15 19:18:36 [restartedMain] WARN  o.s.b.a.o.j.JpaBaseConfiguration$JpaWebConfiguration - spring.jpa.open-in-view is enabled by default. Therefore, database queries may be performed during view rendering. Explicitly configure spring.jpa.open-in-view to disable this warning
2022-02-15 19:18:36 [restartedMain] INFO  o.s.s.c.ThreadPoolTaskExecutor - Initializing ExecutorService 'applicationTaskExecutor'
2022-02-15 19:18:36 [restartedMain] INFO  o.s.b.w.e.tomcat.TomcatWebServer - Tomcat started on port(s): 8180 (http) with context path '/SpringMVC'
2022-02-15 19:18:36 [restartedMain] INFO  t.esprit.spring.TimesheetApplication - Started TimesheetApplication in 1.5 seconds (JVM running for 548.722)
2022-02-15 19:18:36 [restartedMain] INFO  o.s.b.d.a.ConditionEvaluationDeltaLoggingListener - Condition evaluation unchanged
2022-02-15 19:18:41 [main] INFO  t.e.spring.TimesheetServiceImplTest - Starting TimesheetServiceImplTest on TNLT1270 with PID 23672 (started by mgara in C:\DevOps\My Project\TimeSheet)
2022-02-15 19:18:41 [main] INFO  t.e.spring.TimesheetServiceImplTest - No active profile set, falling back to default profiles: default
2022-02-15 19:18:42 [main] INFO  o.s.d.r.c.RepositoryConfigurationDelegate - Bootstrapping Spring Data repositories in DEFAULT mode.
2022-02-15 19:18:43 [main] INFO  o.s.d.r.c.RepositoryConfigurationDelegate - Finished Spring Data repository scanning in 166ms. Found 6 repository interfaces.
2022-02-15 19:18:43 [main] INFO  o.s.c.s.PostProcessorRegistrationDelegate$BeanPostProcessorChecker - Bean 'org.springframework.transaction.annotation.ProxyTransactionManagementConfiguration' of type [org.springframework.transaction.annotation.ProxyTransactionManagementConfiguration] is not eligible for getting processed by all BeanPostProcessors (for example: not eligible for auto-proxying)
2022-02-15 19:18:44 [main] INFO  o.h.jpa.internal.util.LogHelper - HHH000204: Processing PersistenceUnitInfo [name: default]
2022-02-15 19:18:44 [main] INFO  org.hibernate.Version - HHH000412: Hibernate Core {5.4.8.Final}
2022-02-15 19:18:44 [main] INFO  o.h.annotations.common.Version - HCANN000001: Hibernate Commons Annotations {5.1.0.Final}
2022-02-15 19:18:44 [main] INFO  com.zaxxer.hikari.HikariDataSource - HikariPool-1 - Starting...
2022-02-15 19:18:44 [main] INFO  com.zaxxer.hikari.HikariDataSource - HikariPool-1 - Start completed.
2022-02-15 19:18:44 [main] INFO  org.hibernate.dialect.Dialect - HHH000400: Using dialect: org.hibernate.dialect.MySQL5InnoDBDialect
2022-02-15 19:18:46 [main] INFO  o.h.e.t.j.p.i.JtaPlatformInitiator - HHH000490: Using JtaPlatform implementation: [org.hibernate.engine.transaction.jta.platform.internal.NoJtaPlatform]
2022-02-15 19:18:46 [main] INFO  o.s.o.j.LocalContainerEntityManagerFactoryBean - Initialized JPA EntityManagerFactory for persistence unit 'default'
2022-02-15 19:18:47 [main] WARN  o.s.b.a.o.j.JpaBaseConfiguration$JpaWebConfiguration - spring.jpa.open-in-view is enabled by default. Therefore, database queries may be performed during view rendering. Explicitly configure spring.jpa.open-in-view to disable this warning
2022-02-15 19:18:48 [main] INFO  o.s.s.c.ThreadPoolTaskExecutor - Initializing ExecutorService 'applicationTaskExecutor'
2022-02-15 19:18:48 [main] INFO  t.e.spring.TimesheetServiceImplTest - Started TimesheetServiceImplTest in 7.815 seconds (JVM running for 9.974)
2022-02-15 19:18:49 [SpringContextShutdownHook] INFO  o.s.s.c.ThreadPoolTaskExecutor - Shutting down ExecutorService 'applicationTaskExecutor'
2022-02-15 19:18:49 [SpringContextShutdownHook] INFO  o.s.o.j.LocalContainerEntityManagerFactoryBean - Closing JPA EntityManagerFactory for persistence unit 'default'
2022-02-15 19:18:49 [SpringContextShutdownHook] INFO  com.zaxxer.hikari.HikariDataSource - HikariPool-1 - Shutdown initiated...
2022-02-15 19:18:49 [SpringContextShutdownHook] INFO  com.zaxxer.hikari.HikariDataSource - HikariPool-1 - Shutdown completed.
2022-02-15 19:21:37 [main] INFO  t.e.spring.TimesheetApplicationTests - Starting TimesheetApplicationTests on TNLT1270 with PID 20364 (started by mgara in C:\DevOps\My Project\TimeSheet)
2022-02-15 19:21:37 [main] INFO  t.e.spring.TimesheetApplicationTests - No active profile set, falling back to default profiles: default
2022-02-15 19:21:38 [main] INFO  o.s.d.r.c.RepositoryConfigurationDelegate - Bootstrapping Spring Data repositories in DEFAULT mode.
2022-02-15 19:21:38 [main] INFO  o.s.d.r.c.RepositoryConfigurationDelegate - Finished Spring Data repository scanning in 163ms. Found 6 repository interfaces.
2022-02-15 19:21:39 [main] INFO  o.s.c.s.PostProcessorRegistrationDelegate$BeanPostProcessorChecker - Bean 'org.springframework.transaction.annotation.ProxyTransactionManagementConfiguration' of type [org.springframework.transaction.annotation.ProxyTransactionManagementConfiguration] is not eligible for getting processed by all BeanPostProcessors (for example: not eligible for auto-proxying)
2022-02-15 19:21:39 [main] INFO  o.h.jpa.internal.util.LogHelper - HHH000204: Processing PersistenceUnitInfo [name: default]
2022-02-15 19:21:39 [main] INFO  org.hibernate.Version - HHH000412: Hibernate Core {5.4.8.Final}
2022-02-15 19:21:40 [main] INFO  o.h.annotations.common.Version - HCANN000001: Hibernate Commons Annotations {5.1.0.Final}
2022-02-15 19:21:40 [main] INFO  com.zaxxer.hikari.HikariDataSource - HikariPool-1 - Starting...
2022-02-15 19:21:40 [main] INFO  com.zaxxer.hikari.HikariDataSource - HikariPool-1 - Start completed.
2022-02-15 19:21:40 [main] INFO  org.hibernate.dialect.Dialect - HHH000400: Using dialect: org.hibernate.dialect.MySQL5InnoDBDialect
2022-02-15 19:21:41 [main] INFO  o.h.e.t.j.p.i.JtaPlatformInitiator - HHH000490: Using JtaPlatform implementation: [org.hibernate.engine.transaction.jta.platform.internal.NoJtaPlatform]
2022-02-15 19:21:41 [main] INFO  o.s.o.j.LocalContainerEntityManagerFactoryBean - Initialized JPA EntityManagerFactory for persistence unit 'default'
2022-02-15 19:21:43 [main] WARN  o.s.b.a.o.j.JpaBaseConfiguration$JpaWebConfiguration - spring.jpa.open-in-view is enabled by default. Therefore, database queries may be performed during view rendering. Explicitly configure spring.jpa.open-in-view to disable this warning
2022-02-15 19:21:43 [main] INFO  o.s.s.c.ThreadPoolTaskExecutor - Initializing ExecutorService 'applicationTaskExecutor'
2022-02-15 19:21:44 [main] INFO  t.e.spring.TimesheetApplicationTests - Started TimesheetApplicationTests in 7.757 seconds (JVM running for 9.365)
2022-02-15 19:21:44 [main] INFO  t.e.spring.TimesheetApplicationTests - ********************************Start Method Test Add Timesheet******************************************************
2022-02-15 19:21:45 [main] INFO  t.e.spring.TimesheetApplicationTests - This is One TimeSheet of 1Timesheets
2022-02-15 19:21:45 [main] INFO  t.e.spring.TimesheetApplicationTests - ********************************End Method Test Add Timesheet ******************************************************
2022-02-15 19:21:45 [main] INFO  t.e.spring.TimesheetApplicationTests - ********************************Start Method Test Validate Timesheet******************************************************
2022-02-15 19:21:45 [SpringContextShutdownHook] INFO  o.s.s.c.ThreadPoolTaskExecutor - Shutting down ExecutorService 'applicationTaskExecutor'
2022-02-15 19:21:45 [SpringContextShutdownHook] INFO  o.s.o.j.LocalContainerEntityManagerFactoryBean - Closing JPA EntityManagerFactory for persistence unit 'default'
2022-02-15 19:21:45 [SpringContextShutdownHook] INFO  com.zaxxer.hikari.HikariDataSource - HikariPool-1 - Shutdown initiated...
2022-02-15 19:21:45 [SpringContextShutdownHook] INFO  com.zaxxer.hikari.HikariDataSource - HikariPool-1 - Shutdown completed.
